<?xml version="1.0" encoding="UTF-8"?>
<testng-results ignored="0" total="1" passed="1" failed="0" skipped="0">
  <reporter-output>
  </reporter-output>
  <suite started-at="2022-12-15T21:19:32 ART" name="Default suite" finished-at="2022-12-15T21:19:32 ART" duration-ms="23">
    <groups>
    </groups>
    <test started-at="2022-12-15T21:19:32 ART" name="Default test" finished-at="2022-12-15T21:19:32 ART" duration-ms="23">
      <class name="edit.CeducacionIT15112022.laboratorio14">
        <test-method is-config="true" signature="setup()[pri:0, instance:edit.CeducacionIT15112022.laboratorio14@60099951]" started-at="2022-12-15T21:19:28 ART" name="setup" finished-at="2022-12-15T21:19:32 ART" duration-ms="4395" status="PASS">
          <reporter-output>
          </reporter-output>
        </test-method> <!-- setup -->
        <test-method signature="pruebaBoniGarcia()[pri:0, instance:edit.CeducacionIT15112022.laboratorio14@60099951]" started-at="2022-12-15T21:19:32 ART" name="pruebaBoniGarcia" finished-at="2022-12-15T21:19:32 ART" duration-ms="5" status="PASS">
          <reporter-output>
          </reporter-output>
        </test-method> <!-- pruebaBoniGarcia -->
      </class> <!-- edit.CeducacionIT15112022.laboratorio14 -->
    </test> <!-- Default test -->
  </suite> <!-- Default suite -->
</testng-results>
